FDTD Solutions Version 8.11.422 (Windows 64bit)
 expires (month/day/year): 1/1/2025
current time: Thu Feb 16 22:55:04 2017
Running on host: DESKTOP-1MR7CJ0
All processes are communicating and ready to proceed to simulation...
Running fsp file: F:/LINX LAB/FDTD/My Mie theory 3D/mie_example_3d.fsp
number of processors is 4
processors are distributed as: 1x2x2
Running 3D Simulation
Starting meshing
Simulation size in gridpoints: 69 x 35 x 35
Refined 97 mesh cells (0.114759%)
Completed meshing!
Meshing complete in 0 seconds of CPU time
Starting meshing
Simulation size in gridpoints: 69 x 35 x 35
Refined 106 mesh cells (0.125407%)
Completed meshing!
Meshing complete in 0 seconds of CPU time
Starting meshing
Simulation size in gridpoints: 69 x 35 x 35
Refined 106 mesh cells (0.125407%)
Completed meshing!
Meshing complete in 0 seconds of CPU time
finished material properties
-----------------------------------------
Beginning initialization of 3D Simulation
Starting to add sources to simulation
Starting meshing
Simulation size in gridpoints: 3 x 176 x 3
Refined 0 mesh cells (0%)
Completed meshing!
Meshing complete in 0 seconds of CPU time
Starting meshing
Simulation size in gridpoints: 3 x 176 x 3
Refined 0 mesh cells (0%)
Completed meshing!
Meshing complete in 0 seconds of CPU time
Starting meshing
Simulation size in gridpoints: 3 x 176 x 3
Refined 0 mesh cells (0%)
Completed meshing!
Meshing complete in 0 seconds of CPU time
finished material properties
Added 3D TFSF Source propagating in Y
Starting to add boundary conditions to simulation
Adding 3D PML BC
Adding 3D PML BC
Adding 3D PML BC
Adding 3D Parallel BC
Adding 3D PML BC
Adding 3D Parallel BC
Starting to add monitors to Simulation
Adding analysis monitor
Adding 3D DFT monitor
Adding 3D DFT monitor
Adding 3D DFT monitor
Adding 3D Time monitor
Adding 3D movie monitor
Adding analysis monitor
Adding 3D DFT monitor
Adding 3D DFT monitor
Adding 3D DFT monitor
Adding 3D DFT monitor
Adding 3D DFT monitor
Adding 3D DFT monitor
Adding analysis monitor
Adding 3D DFT monitor
Adding 3D DFT monitor
Adding 3D DFT monitor
Adding 3D DFT monitor
Adding 3D DFT monitor
Adding 3D DFT monitor
Finished initialization of 3D Simulation
-----------------------------------------
All processes are communicating and ready to proceed to simulation...
Starting 2360 total iterations
2% complete. Max time remaining: 10 secs. Auto Shutoff: 1
5% complete. Max time remaining: 11 secs. Auto Shutoff: 1
10% complete. Max time remaining: 10 secs. Auto Shutoff: 1
21% complete. Max time remaining: 9 secs. Auto Shutoff: 1
32% complete. Max time remaining: 8 secs. Auto Shutoff: 0.00196809
43% complete. Max time remaining: 6 secs. Auto Shutoff: 0.000276043
54% complete. Max time remaining: 5 secs. Auto Shutoff: 2.54043e-005
64% complete. Max time remaining: 4 secs. Auto Shutoff: 4.71655e-005
75% complete. Max time remaining: 3 secs. Auto Shutoff: 5.36791e-005
86% complete. Max time remaining: 2 secs. Auto Shutoff: 4.67353e-005
97% complete. Max time remaining: 0 secs. Auto Shutoff: 2.48968e-005
100% complete. Max time remaining: 0 secs. Auto Shutoff: 1.79518e-005
Completed 2360 iterations, or 4.99946e-014s of Simulation Time
Process 0 starting to collect data
    collecting monitor data
    collecting source data
Starting meshing
Simulation size in gridpoints: 3 x 176 x 3
Refined 0 mesh cells (0%)
Completed meshing!
Meshing complete in 0 seconds of CPU time
Starting meshing
Simulation size in gridpoints: 3 x 176 x 3
Refined 0 mesh cells (0%)
Completed meshing!
Meshing complete in 0 seconds of CPU time
Starting meshing
Simulation size in gridpoints: 3 x 176 x 3
Refined 0 mesh cells (0%)
Completed meshing!
Meshing complete in 0 seconds of CPU time
finished material properties
Finished collecting data
Simulation completed successfully at: Thu Feb 16 22:55:15 2017
Overall wall time measurements in seconds:
    time to mesh and initialize: 0
    time to run FDTD simulation: 11
    time to finalize data and save to files: 0
    FDTD solver speed: 18.1345 Mnodes/s
    total FDTD solver speed on 4 processes: 72.5378 Mnodes/s
