FDTD Solutions Version 8.11.422 (Windows 64bit)
 expires (month/day/year): 1/1/2025
current time: Fri Feb 17 10:36:42 2017
Running on host: DESKTOP-1MR7CJ0
All processes are communicating and ready to proceed to simulation...
Running fsp file: F:/LINX LAB/FDTD/My Mie theory 3D/mie_example_3d_cross_section/cross_section_3.fsp
number of processors is 4
processors are distributed as: 1x2x2
Running 3D Simulation
Starting meshing
Simulation size in gridpoints: 92 x 47 x 47
Refined 724 mesh cells (0.35625%)
Completed meshing!
Meshing complete in 0 seconds of CPU time
Starting meshing
Simulation size in gridpoints: 92 x 47 x 47
Refined 749 mesh cells (0.368552%)
Completed meshing!
Meshing complete in 0 seconds of CPU time
Starting meshing
Simulation size in gridpoints: 92 x 47 x 47
Refined 749 mesh cells (0.368552%)
Completed meshing!
Meshing complete in 0 seconds of CPU time
finished material properties
-----------------------------------------
Beginning initialization of 3D Simulation
Starting to add sources to simulation
Starting meshing
Simulation size in gridpoints: 3 x 191 x 3
Refined 0 mesh cells (0%)
Completed meshing!
Meshing complete in 0 seconds of CPU time
Starting meshing
Simulation size in gridpoints: 3 x 191 x 3
Refined 0 mesh cells (0%)
Completed meshing!
Meshing complete in 0 seconds of CPU time
Starting meshing
Simulation size in gridpoints: 3 x 191 x 3
Refined 0 mesh cells (0%)
Completed meshing!
Meshing complete in 0 seconds of CPU time
finished material properties
Added 3D TFSF Source propagating in Y
Starting to add boundary conditions to simulation
Adding 3D PML BC
Adding 3D PML BC
Adding 3D PML BC
Adding 3D Parallel BC
Adding 3D PML BC
Adding 3D Parallel BC
Starting to add monitors to Simulation
Adding analysis monitor
Adding 3D DFT monitor
Adding 3D DFT monitor
Adding 3D DFT monitor
Adding 3D Time monitor
Adding 3D movie monitor
Adding analysis monitor
Adding 3D DFT monitor
Adding 3D DFT monitor
Adding 3D DFT monitor
Adding 3D DFT monitor
Adding 3D DFT monitor
Adding 3D DFT monitor
Adding analysis monitor
Adding 3D DFT monitor
Adding 3D DFT monitor
Adding 3D DFT monitor
Adding 3D DFT monitor
Adding 3D DFT monitor
Adding 3D DFT monitor
Finished initialization of 3D Simulation
-----------------------------------------
All processes are communicating and ready to proceed to simulation...
Starting 5245 total iterations
1% complete. Max time remaining: 36 secs. Auto Shutoff: 1
2% complete. Max time remaining: 36 secs. Auto Shutoff: 1
5% complete. Max time remaining: 36 secs. Auto Shutoff: 1
9% complete. Max time remaining: 34 secs. Auto Shutoff: 1
14% complete. Max time remaining: 32 secs. Auto Shutoff: 1
19% complete. Max time remaining: 31 secs. Auto Shutoff: 1
24% complete. Max time remaining: 29 secs. Auto Shutoff: 1
29% complete. Max time remaining: 27 secs. Auto Shutoff: 0.00409199
34% complete. Max time remaining: 25 secs. Auto Shutoff: 0.000846698
39% complete. Max time remaining: 23 secs. Auto Shutoff: 8.07251e-005
44% complete. Max time remaining: 21 secs. Auto Shutoff: 2.84293e-005
49% complete. Max time remaining: 20 secs. Auto Shutoff: 8.09948e-005
53% complete. Max time remaining: 18 secs. Auto Shutoff: 3.02261e-005
58% complete. Max time remaining: 16 secs. Auto Shutoff: 4.59539e-005
63% complete. Max time remaining: 14 secs. Auto Shutoff: 6.5341e-006
Early termination of simulation, the autoshutoff criteria are satisfied.
Completed 3304 iterations, or 3.14966e-014s of Simulation Time
Process 0 starting to collect data
    collecting monitor data
    collecting source data
Starting meshing
Simulation size in gridpoints: 3 x 191 x 3
Refined 0 mesh cells (0%)
Completed meshing!
Meshing complete in 0 seconds of CPU time
Starting meshing
Simulation size in gridpoints: 3 x 191 x 3
Refined 0 mesh cells (0%)
Completed meshing!
Meshing complete in 0 seconds of CPU time
Starting meshing
Simulation size in gridpoints: 3 x 191 x 3
Refined 0 mesh cells (0%)
Completed meshing!
Meshing complete in 0 seconds of CPU time
finished material properties
Finished collecting data
Simulation completed successfully at: Fri Feb 17 10:37:07 2017
Overall wall time measurements in seconds:
    time to mesh and initialize: 0
    time to run FDTD simulation: 24
    time to finalize data and save to files: 1
    FDTD solver speed: 27.9777 Mnodes/s
    total FDTD solver speed on 4 processes: 111.911 Mnodes/s
